IQ-TREE multicore version 1.6.12 for Mac OS X 64-bit built Mar 16 2020
Developed by Bui Quang Minh, Nguyen Lam Tung, Olga Chernomor,
Heiko Schmidt, Dominik Schrempf, Michael Woodhams.

Host:    BGS-STU22-036 (SSE4.2, 32 GB RAM)
Command: iqtree -ntmax 1 -s results/aligned_FastaGuide_ha-delim.fasta -m GTR -ninit 2 -n 2 -me 0.05 -nt AUTO -redo
Seed:    597398 (Using SPRNG - Scalable Parallel Random Number Generator)
Time:    Mon Feb 27 11:47:04 2023
Kernel:  SSE2 - auto-detect threads (10 CPU cores detected)

Reading alignment file results/aligned_FastaGuide_ha-delim.fasta ... Fasta format detected
Alignment most likely contains DNA/RNA sequences
WARNING: 158 sites contain only gaps or ambiguous characters.
Alignment has 203 sequences with 1760 columns, 831 distinct patterns
651 parsimony-informative, 192 singleton sites, 917 constant sites
                                                                                                                                                      Gap/Ambiguity  Composition  p-value
   1  A_DELIM-VAOSVPDWIMMTQIONVWFR_Goose_DELIM-VAOSVPDWIMMTQIONVWFR_Guangdong_DELIM-VAOSVPDWIMMTQIONVWFR_1_DELIM-VAOSVPDWIMMTQIONVWFR_96                      8.98%    passed     86.07%
   2  A_DELIM-VAOSVPDWIMMTQIONVWFR_Hong_Kong_DELIM-VAOSVPDWIMMTQIONVWFR_156_DELIM-VAOSVPDWIMMTQIONVWFR_97                                                     8.98%    passed     91.55%
   3  A_DELIM-VAOSVPDWIMMTQIONVWFR_Hong_Kong_DELIM-VAOSVPDWIMMTQIONVWFR_483_DELIM-VAOSVPDWIMMTQIONVWFR_1997                                                   8.98%    passed     86.61%
   4  A_DELIM-VAOSVPDWIMMTQIONVWFR_Cambodia_DELIM-VAOSVPDWIMMTQIONVWFR_W0329318_DELIM-VAOSVPDWIMMTQIONVWFR_2012                                               8.98%    passed     93.88%
   5  A_DELIM-VAOSVPDWIMMTQIONVWFR_Cambodia_DELIM-VAOSVPDWIMMTQIONVWFR_V0203306_DELIM-VAOSVPDWIMMTQIONVWFR_2011                                               8.98%    passed     95.06%
   6  A_DELIM-VAOSVPDWIMMTQIONVWFR_Cambodia_DELIM-VAOSVPDWIMMTQIONVWFR_V0219301_DELIM-VAOSVPDWIMMTQIONVWFR_2011                                               8.98%    passed     96.32%
   7  A_DELIM-VAOSVPDWIMMTQIONVWFR_Cambodia_DELIM-VAOSVPDWIMMTQIONVWFR_U0417030_DELIM-VAOSVPDWIMMTQIONVWFR_2010                                               8.98%    passed     83.92%
   8  A_DELIM-VAOSVPDWIMMTQIONVWFR_muscovy_duck_DELIM-VAOSVPDWIMMTQIONVWFR_Vietnam_DELIM-VAOSVPDWIMMTQIONVWFR_OIE-0043_DELIM-VAOSVPDWIMMTQIONVWFR_2012        8.98%    passed     84.42%
   9  A_DELIM-VAOSVPDWIMMTQIONVWFR_chicken_DELIM-VAOSVPDWIMMTQIONVWFR_Vietnam_DELIM-VAOSVPDWIMMTQIONVWFR_NCVD-775_DELIM-VAOSVPDWIMMTQIONVWFR_2011             8.98%    passed     94.58%
  10  A_DELIM-VAOSVPDWIMMTQIONVWFR_duck_DELIM-VAOSVPDWIMMTQIONVWFR_Vietnam_DELIM-VAOSVPDWIMMTQIONVWFR_ST0970_DELIM-VAOSVPDWIMMTQIONVWFR_2009                  8.98%    passed     81.58%
  11  A_DELIM-VAOSVPDWIMMTQIONVWFR_Cambodia_DELIM-VAOSVPDWIMMTQIONVWFR_R0405050_DELIM-VAOSVPDWIMMTQIONVWFR_2007                                               8.98%    passed     82.22%
  12  A_DELIM-VAOSVPDWIMMTQIONVWFR_duck_DELIM-VAOSVPDWIMMTQIONVWFR_Vietnam_DELIM-VAOSVPDWIMMTQIONVWFR_1233_DELIM-VAOSVPDWIMMTQIONVWFR_2005                    8.98%    passed     88.30%
  13  A_DELIM-VAOSVPDWIMMTQIONVWFR_duck_DELIM-VAOSVPDWIMMTQIONVWFR_Vietnam_DELIM-VAOSVPDWIMMTQIONVWFR_NCVD-16_DELIM-VAOSVPDWIMMTQIONVWFR_2007                 8.98%    passed     78.57%
  14  A_DELIM-VAOSVPDWIMMTQIONVWFR_Vietnam_DELIM-VAOSVPDWIMMTQIONVWFR_HN31673_DELIM-VAOSVPDWIMMTQIONVWFR_2009                                                 8.98%    passed     82.22%
  15  A_DELIM-VAOSVPDWIMMTQIONVWFR_Cambodia_DELIM-VAOSVPDWIMMTQIONVWFR_S1211394_DELIM-VAOSVPDWIMMTQIONVWFR_2008                                               8.98%    passed     82.22%
  16  A_DELIM-VAOSVPDWIMMTQIONVWFR_Vietnam_DELIM-VAOSVPDWIMMTQIONVWFR_1194_DELIM-VAOSVPDWIMMTQIONVWFR_2004                                                    8.98%    passed     98.84%
  17  A_DELIM-VAOSVPDWIMMTQIONVWFR_Viet_Nam_DELIM-VAOSVPDWIMMTQIONVWFR_1203_DELIM-VAOSVPDWIMMTQIONVWFR_2004                                                   8.98%    passed     96.78%
  18  A_DELIM-VAOSVPDWIMMTQIONVWFR_Vietnam_DELIM-VAOSVPDWIMMTQIONVWFR_UT3030_DELIM-VAOSVPDWIMMTQIONVWFR_2003                                                  8.98%    passed     99.11%
  19  A_DELIM-VAOSVPDWIMMTQIONVWFR_chicken_DELIM-VAOSVPDWIMMTQIONVWFR_Thailand_DELIM-VAOSVPDWIMMTQIONVWFR_CU-354_DELIM-VAOSVPDWIMMTQIONVWFR_2008              8.98%    passed     98.75%
  20  A_DELIM-VAOSVPDWIMMTQIONVWFR_Thailand_DELIM-VAOSVPDWIMMTQIONVWFR_676_DELIM-VAOSVPDWIMMTQIONVWFR_2005                                                    8.98%    passed     99.58%
  21  A_DELIM-VAOSVPDWIMMTQIONVWFR_Viet_Nam_DELIM-VAOSVPDWIMMTQIONVWFR_HN30408_DELIM-VAOSVPDWIMMTQIONVWFR_2005                                                9.26%    passed     99.65%
  22  A_DELIM-VAOSVPDWIMMTQIONVWFR_chicken_DELIM-VAOSVPDWIMMTQIONVWFR_Vietnam_DELIM-VAOSVPDWIMMTQIONVWFR_NCVD-876_DELIM-VAOSVPDWIMMTQIONVWFR_2011             8.98%    passed     84.06%
  23  A_DELIM-VAOSVPDWIMMTQIONVWFR_Cambodia_DELIM-VAOSVPDWIMMTQIONVWFR_V0606311_DELIM-VAOSVPDWIMMTQIONVWFR_2011                                               8.98%    passed     84.97%
  24  A_DELIM-VAOSVPDWIMMTQIONVWFR_Cambodia_DELIM-VAOSVPDWIMMTQIONVWFR_V0401301_DELIM-VAOSVPDWIMMTQIONVWFR_2011                                               8.98%    passed     75.37%
  25  A_DELIM-VAOSVPDWIMMTQIONVWFR_duck_DELIM-VAOSVPDWIMMTQIONVWFR_Vietnam_DELIM-VAOSVPDWIMMTQIONVWFR_OIE-0062_DELIM-VAOSVPDWIMMTQIONVWFR_2012                8.98%    passed     93.80%
  26  A_DELIM-VAOSVPDWIMMTQIONVWFR_crow_DELIM-VAOSVPDWIMMTQIONVWFR_Kyoto_DELIM-VAOSVPDWIMMTQIONVWFR_53_DELIM-VAOSVPDWIMMTQIONVWFR_2004                        9.15%    passed     97.22%
  27  A_DELIM-VAOSVPDWIMMTQIONVWFR_crow_DELIM-VAOSVPDWIMMTQIONVWFR_Osaka_DELIM-VAOSVPDWIMMTQIONVWFR_102_DELIM-VAOSVPDWIMMTQIONVWFR_2004                       9.15%    passed     98.02%
  28  A_DELIM-VAOSVPDWIMMTQIONVWFR_Chicken_DELIM-VAOSVPDWIMMTQIONVWFR_Hong_Kong_DELIM-VAOSVPDWIMMTQIONVWFR_FY77_DELIM-VAOSVPDWIMMTQIONVWFR_01                 8.98%    passed     98.16%
  29  A_DELIM-VAOSVPDWIMMTQIONVWFR_Pheasant_DELIM-VAOSVPDWIMMTQIONVWFR_HongKong_DELIM-VAOSVPDWIMMTQIONVWFR_FY155_DELIM-VAOSVPDWIMMTQIONVWFR_01                9.03%    passed     98.55%
  30  A_DELIM-VAOSVPDWIMMTQIONVWFR_Ck_DELIM-VAOSVPDWIMMTQIONVWFR_HK_DELIM-VAOSVPDWIMMTQIONVWFR_61.9_DELIM-VAOSVPDWIMMTQIONVWFR_02                             8.98%    passed     98.04%
  31  A_DELIM-VAOSVPDWIMMTQIONVWFR_Ck_DELIM-VAOSVPDWIMMTQIONVWFR_HK_DELIM-VAOSVPDWIMMTQIONVWFR_YU777_DELIM-VAOSVPDWIMMTQIONVWFR_02                            9.15%    passed     98.67%
  32  A_DELIM-VAOSVPDWIMMTQIONVWFR_duck_DELIM-VAOSVPDWIMMTQIONVWFR_Hunan_DELIM-VAOSVPDWIMMTQIONVWFR_795_DELIM-VAOSVPDWIMMTQIONVWFR_2002                       8.98%    passed     99.72%
  33  A_DELIM-VAOSVPDWIMMTQIONVWFR_turkey_DELIM-VAOSVPDWIMMTQIONVWFR_Kedaton_DELIM-VAOSVPDWIMMTQIONVWFR_BPPV3_DELIM-VAOSVPDWIMMTQIONVWFR_2004                 8.98%    passed     99.86%
  34  A_DELIM-VAOSVPDWIMMTQIONVWFR_chicken_DELIM-VAOSVPDWIMMTQIONVWFR_Dairi_DELIM-VAOSVPDWIMMTQIONVWFR_BPPVI_DELIM-VAOSVPDWIMMTQIONVWFR_2005                  8.98%    passed     99.20%
  35  A_DELIM-VAOSVPDWIMMTQIONVWFR_Indonesia_DELIM-VAOSVPDWIMMTQIONVWFR_CDC595_DELIM-VAOSVPDWIMMTQIONVWFR_2006                                                8.98%    passed     99.55%
  36  A_DELIM-VAOSVPDWIMMTQIONVWFR_chicken_DELIM-VAOSVPDWIMMTQIONVWFR_Ampenan_DELIM-VAOSVPDWIMMTQIONVWFR_BBVD-282_DELIM-VAOSVPDWIMMTQIONVWFR_2007             8.98%    passed     99.65%
  37  A_DELIM-VAOSVPDWIMMTQIONVWFR_Ck_DELIM-VAOSVPDWIMMTQIONVWFR_HK_DELIM-VAOSVPDWIMMTQIONVWFR_YU22_DELIM-VAOSVPDWIMMTQIONVWFR_2002                           8.98%    passed     96.12%
  38  A_DELIM-VAOSVPDWIMMTQIONVWFR_chicken_DELIM-VAOSVPDWIMMTQIONVWFR_Indonesia_DELIM-VAOSVPDWIMMTQIONVWFR_CDC25_DELIM-VAOSVPDWIMMTQIONVWFR_2005              8.98%    passed     96.87%
  39  A_DELIM-VAOSVPDWIMMTQIONVWFR_chicken_DELIM-VAOSVPDWIMMTQIONVWFR_Banten_DELIM-VAOSVPDWIMMTQIONVWFR_UT6025_DELIM-VAOSVPDWIMMTQIONVWFR_2006                8.98%    passed     98.13%
  40  A_DELIM-VAOSVPDWIMMTQIONVWFR_chicken_DELIM-VAOSVPDWIMMTQIONVWFR_East_Java_DELIM-VAOSVPDWIMMTQIONVWFR_UT6044_DELIM-VAOSVPDWIMMTQIONVWFR_2007             8.98%    passed     98.65%
  41  A_DELIM-VAOSVPDWIMMTQIONVWFR_Chicken_DELIM-VAOSVPDWIMMTQIONVWFR_Indonesia_DELIM-VAOSVPDWIMMTQIONVWFR_Wates1_DELIM-VAOSVPDWIMMTQIONVWFR_2005             8.98%    passed     99.93%
  42  A_DELIM-VAOSVPDWIMMTQIONVWFR_Chicken_DELIM-VAOSVPDWIMMTQIONVWFR_Indonesia_DELIM-VAOSVPDWIMMTQIONVWFR_Wates130_DELIM-VAOSVPDWIMMTQIONVWFR_2005           8.98%    passed     99.83%
  43  A_DELIM-VAOSVPDWIMMTQIONVWFR_chicken_DELIM-VAOSVPDWIMMTQIONVWFR_East_Java_DELIM-VAOSVPDWIMMTQIONVWFR_UT6021_DELIM-VAOSVPDWIMMTQIONVWFR_2006             8.98%    passed     98.20%
  44  A_DELIM-VAOSVPDWIMMTQIONVWFR_Chicken_DELIM-VAOSVPDWIMMTQIONVWFR_Papua_DELIM-VAOSVPDWIMMTQIONVWFR_TB15_DELIM-VAOSVPDWIMMTQIONVWFR_2006                   8.98%    passed     98.00%
  45  A_DELIM-VAOSVPDWIMMTQIONVWFR_chicken_DELIM-VAOSVPDWIMMTQIONVWFR_Sleman_DELIM-VAOSVPDWIMMTQIONVWFR_BBVW-493-214_DELIM-VAOSVPDWIMMTQIONVWFR_2007          8.98%    passed     92.38%
  46  A_DELIM-VAOSVPDWIMMTQIONVWFR_Indonesia_DELIM-VAOSVPDWIMMTQIONVWFR_5_DELIM-VAOSVPDWIMMTQIONVWFR_2005                                                     8.98%    passed     97.39%
  47  A_DELIM-VAOSVPDWIMMTQIONVWFR_Indonesia_DELIM-VAOSVPDWIMMTQIONVWFR_7_DELIM-VAOSVPDWIMMTQIONVWFR_2005                                                     8.98%    passed     97.05%
  48  A_DELIM-VAOSVPDWIMMTQIONVWFR_Indonesia_DELIM-VAOSVPDWIMMTQIONVWFR_CDC1032N_DELIM-VAOSVPDWIMMTQIONVWFR_2007                                              8.98%    passed     96.81%
  49  A_DELIM-VAOSVPDWIMMTQIONVWFR_chicken_DELIM-VAOSVPDWIMMTQIONVWFR_Inhu_DELIM-VAOSVPDWIMMTQIONVWFR_BPPVRII_DELIM-VAOSVPDWIMMTQIONVWFR_2007                 8.98%    passed     96.32%
  50  A_DELIM-VAOSVPDWIMMTQIONVWFR_chicken_DELIM-VAOSVPDWIMMTQIONVWFR_Gansu_DELIM-VAOSVPDWIMMTQIONVWFR_44_DELIM-VAOSVPDWIMMTQIONVWFR_2004                     9.03%    passed     98.30%
  51  A_DELIM-VAOSVPDWIMMTQIONVWFR_chicken_DELIM-VAOSVPDWIMMTQIONVWFR_Anhui_DELIM-VAOSVPDWIMMTQIONVWFR_39_DELIM-VAOSVPDWIMMTQIONVWFR_2004                     8.98%    passed     97.05%
  52  A_DELIM-VAOSVPDWIMMTQIONVWFR_duck_DELIM-VAOSVPDWIMMTQIONVWFR_Fujian_DELIM-VAOSVPDWIMMTQIONVWFR_897_DELIM-VAOSVPDWIMMTQIONVWFR_2005                      8.98%    passed     93.81%
  53  A_DELIM-VAOSVPDWIMMTQIONVWFR_chicken_DELIM-VAOSVPDWIMMTQIONVWFR_Fujian_DELIM-VAOSVPDWIMMTQIONVWFR_1042_DELIM-VAOSVPDWIMMTQIONVWFR_2005                  8.98%    passed     96.07%
  54  A_DELIM-VAOSVPDWIMMTQIONVWFR_goose_DELIM-VAOSVPDWIMMTQIONVWFR_Guangdong_DELIM-VAOSVPDWIMMTQIONVWFR_72_DELIM-VAOSVPDWIMMTQIONVWFR_2004                   8.98%    passed     98.47%
  55  A_DELIM-VAOSVPDWIMMTQIONVWFR_blackbird_DELIM-VAOSVPDWIMMTQIONVWFR_Hunan_DELIM-VAOSVPDWIMMTQIONVWFR_1_DELIM-VAOSVPDWIMMTQIONVWFR_2004                    8.98%    passed     96.06%
  56  A_DELIM-VAOSVPDWIMMTQIONVWFR_duck_DELIM-VAOSVPDWIMMTQIONVWFR_Hubei_DELIM-VAOSVPDWIMMTQIONVWFR_wg_DELIM-VAOSVPDWIMMTQIONVWFR_2002                        8.98%    passed     94.97%
  57  A_DELIM-VAOSVPDWIMMTQIONVWFR_swine_DELIM-VAOSVPDWIMMTQIONVWFR_Anhui_DELIM-VAOSVPDWIMMTQIONVWFR_ca_DELIM-VAOSVPDWIMMTQIONVWFR_2004                       9.15%    passed     99.07%
  58  A_DELIM-VAOSVPDWIMMTQIONVWFR_tree_sparrow_DELIM-VAOSVPDWIMMTQIONVWFR_Henan_DELIM-VAOSVPDWIMMTQIONVWFR_1_DELIM-VAOSVPDWIMMTQIONVWFR_2004                 8.98%    passed     96.23%
  59  A_DELIM-VAOSVPDWIMMTQIONVWFR_chicken_DELIM-VAOSVPDWIMMTQIONVWFR_Badung_DELIM-VAOSVPDWIMMTQIONVWFR_BBVD-277_DELIM-VAOSVPDWIMMTQIONVWFR_2007              8.98%    passed     99.25%
  60  A_DELIM-VAOSVPDWIMMTQIONVWFR_chicken_DELIM-VAOSVPDWIMMTQIONVWFR_Central_Java_DELIM-VAOSVPDWIMMTQIONVWFR_UT3091_DELIM-VAOSVPDWIMMTQIONVWFR_2005          9.15%    passed     99.86%
  61  A_DELIM-VAOSVPDWIMMTQIONVWFR_Chicken_DELIM-VAOSVPDWIMMTQIONVWFR_West_Java_DELIM-VAOSVPDWIMMTQIONVWFR_GARUT-MAY_DELIM-VAOSVPDWIMMTQIONVWFR_2006          8.98%    passed     99.77%
  62  A_DELIM-VAOSVPDWIMMTQIONVWFR_chicken_DELIM-VAOSVPDWIMMTQIONVWFR_East_Java_DELIM-VAOSVPDWIMMTQIONVWFR_UT6016_DELIM-VAOSVPDWIMMTQIONVWFR_2006             8.98%    passed     99.77%
  63  A_DELIM-VAOSVPDWIMMTQIONVWFR_chicken_DELIM-VAOSVPDWIMMTQIONVWFR_Hunan_DELIM-VAOSVPDWIMMTQIONVWFR_41_DELIM-VAOSVPDWIMMTQIONVWFR_2004                     8.98%    passed     95.64%
  64  A_DELIM-VAOSVPDWIMMTQIONVWFR_goose_DELIM-VAOSVPDWIMMTQIONVWFR_Fujian_DELIM-VAOSVPDWIMMTQIONVWFR_bb_DELIM-VAOSVPDWIMMTQIONVWFR_2003                      8.98%    passed     99.16%
  65  A_DELIM-VAOSVPDWIMMTQIONVWFR_Vietnam_DELIM-VAOSVPDWIMMTQIONVWFR_HN36250_DELIM-VAOSVPDWIMMTQIONVWFR_2010                                                 9.15%    passed     96.70%
  66  A_DELIM-VAOSVPDWIMMTQIONVWFR_environment_DELIM-VAOSVPDWIMMTQIONVWFR_Guizhou_DELIM-VAOSVPDWIMMTQIONVWFR_2_DELIM-VAOSVPDWIMMTQIONVWFR_2009                9.15%    passed     97.34%
  67  A_DELIM-VAOSVPDWIMMTQIONVWFR_Vietnam_DELIM-VAOSVPDWIMMTQIONVWFR_HN31432M_DELIM-VAOSVPDWIMMTQIONVWFR_2008                                                9.15%    passed     99.05%
  68  A_DELIM-VAOSVPDWIMMTQIONVWFR_chicken_DELIM-VAOSVPDWIMMTQIONVWFR_Vietnam_DELIM-VAOSVPDWIMMTQIONVWFR_NCVD-281_DELIM-VAOSVPDWIMMTQIONVWFR_2009             9.15%    passed     95.97%
  69  A_DELIM-VAOSVPDWIMMTQIONVWFR_environment_DELIM-VAOSVPDWIMMTQIONVWFR_Guizhou_DELIM-VAOSVPDWIMMTQIONVWFR_4_DELIM-VAOSVPDWIMMTQIONVWFR_2009                9.15%    passed     99.42%
  70  A_DELIM-VAOSVPDWIMMTQIONVWFR_chicken_DELIM-VAOSVPDWIMMTQIONVWFR_Vietnam_DELIM-VAOSVPDWIMMTQIONVWFR_NCVD-20_DELIM-VAOSVPDWIMMTQIONVWFR_2007              9.15%    passed     98.75%
  71  A_DELIM-VAOSVPDWIMMTQIONVWFR_Vietnam_DELIM-VAOSVPDWIMMTQIONVWFR_UT31413II_DELIM-VAOSVPDWIMMTQIONVWFR_2008                                               9.15%    passed     97.86%
  72  A_DELIM-VAOSVPDWIMMTQIONVWFR_Vietnam_DELIM-VAOSVPDWIMMTQIONVWFR_UT31412II_DELIM-VAOSVPDWIMMTQIONVWFR_2008                                               9.20%    passed     93.98%
  73  A_DELIM-VAOSVPDWIMMTQIONVWFR_Vietnam_DELIM-VAOSVPDWIMMTQIONVWFR_HN31388M1_DELIM-VAOSVPDWIMMTQIONVWFR_2007                                               9.15%    passed     97.32%
  74  A_DELIM-VAOSVPDWIMMTQIONVWFR_duck_DELIM-VAOSVPDWIMMTQIONVWFR_Laos_DELIM-VAOSVPDWIMMTQIONVWFR_22_DELIM-VAOSVPDWIMMTQIONVWFR_2006                         9.15%    passed     98.93%
  75  A_DELIM-VAOSVPDWIMMTQIONVWFR_Guangxi_DELIM-VAOSVPDWIMMTQIONVWFR_1_DELIM-VAOSVPDWIMMTQIONVWFR_2005                                                       9.15%    passed     99.04%
  76  A_DELIM-VAOSVPDWIMMTQIONVWFR_Anhui_DELIM-VAOSVPDWIMMTQIONVWFR_1_DELIM-VAOSVPDWIMMTQIONVWFR_2005                                                         9.15%    passed     99.88%
  77  A_DELIM-VAOSVPDWIMMTQIONVWFR_chicken_DELIM-VAOSVPDWIMMTQIONVWFR_Sichuan_DELIM-VAOSVPDWIMMTQIONVWFR_81_DELIM-VAOSVPDWIMMTQIONVWFR_2005                   9.15%    passed     99.28%
  78  A_DELIM-VAOSVPDWIMMTQIONVWFR_shrike_DELIM-VAOSVPDWIMMTQIONVWFR_Tibet_DELIM-VAOSVPDWIMMTQIONVWFR_13_DELIM-VAOSVPDWIMMTQIONVWFR_2006                      9.15%    passed     97.93%
  79  A_DELIM-VAOSVPDWIMMTQIONVWFR_chicken_DELIM-VAOSVPDWIMMTQIONVWFR_Fujian_DELIM-VAOSVPDWIMMTQIONVWFR_1_DELIM-VAOSVPDWIMMTQIONVWFR_2007                     9.15%    passed     97.18%
  80  A_DELIM-VAOSVPDWIMMTQIONVWFR_Vietnam_DELIM-VAOSVPDWIMMTQIONVWFR_HN36282_DELIM-VAOSVPDWIMMTQIONVWFR_2010                                                 9.15%    passed     97.68%
  81  A_DELIM-VAOSVPDWIMMTQIONVWFR_Hunan_DELIM-VAOSVPDWIMMTQIONVWFR_2_DELIM-VAOSVPDWIMMTQIONVWFR_2009                                                         9.15%    passed     99.67%
  82  A_DELIM-VAOSVPDWIMMTQIONVWFR_chicken_DELIM-VAOSVPDWIMMTQIONVWFR_Lao_DELIM-VAOSVPDWIMMTQIONVWFR_LH2_DELIM-VAOSVPDWIMMTQIONVWFR_2010                      9.15%    passed     95.84%
  83  A_DELIM-VAOSVPDWIMMTQIONVWFR_Hunan_DELIM-VAOSVPDWIMMTQIONVWFR_1_DELIM-VAOSVPDWIMMTQIONVWFR_2009                                                         9.20%    passed     96.38%
  84  A_DELIM-VAOSVPDWIMMTQIONVWFR_chicken_DELIM-VAOSVPDWIMMTQIONVWFR_Bangladesh_DELIM-VAOSVPDWIMMTQIONVWFR_11rs1984-30_DELIM-VAOSVPDWIMMTQIONVWFR_2011       9.15%    passed     99.79%
  85  A_DELIM-VAOSVPDWIMMTQIONVWFR_Chicken_DELIM-VAOSVPDWIMMTQIONVWFR_Shantou_DELIM-VAOSVPDWIMMTQIONVWFR_810_DELIM-VAOSVPDWIMMTQIONVWFR_05                    9.15%    passed     99.93%
  86  A_DELIM-VAOSVPDWIMMTQIONVWFR_goose_DELIM-VAOSVPDWIMMTQIONVWFR_Guangxi_DELIM-VAOSVPDWIMMTQIONVWFR_345_DELIM-VAOSVPDWIMMTQIONVWFR_2005                    9.15%    passed     99.88%
  87  A_DELIM-VAOSVPDWIMMTQIONVWFR_duck_DELIM-VAOSVPDWIMMTQIONVWFR_Guangxi_DELIM-VAOSVPDWIMMTQIONVWFR_89_DELIM-VAOSVPDWIMMTQIONVWFR_2006                      9.15%    passed     99.68%
  88  A_DELIM-VAOSVPDWIMMTQIONVWFR_duck_DELIM-VAOSVPDWIMMTQIONVWFR_Vietnam_DELIM-VAOSVPDWIMMTQIONVWFR_568_DELIM-VAOSVPDWIMMTQIONVWFR_2005                     9.15%    passed     99.96%
  89  A_DELIM-VAOSVPDWIMMTQIONVWFR_goose_DELIM-VAOSVPDWIMMTQIONVWFR_Guangxi_DELIM-VAOSVPDWIMMTQIONVWFR_3316_DELIM-VAOSVPDWIMMTQIONVWFR_2005                   9.15%    passed    100.00%
  90  A_DELIM-VAOSVPDWIMMTQIONVWFR_duck_DELIM-VAOSVPDWIMMTQIONVWFR_Yunnan_DELIM-VAOSVPDWIMMTQIONVWFR_1126_DELIM-VAOSVPDWIMMTQIONVWFR_2006                     9.15%    passed     99.30%
  91  A_DELIM-VAOSVPDWIMMTQIONVWFR_duck_DELIM-VAOSVPDWIMMTQIONVWFR_Hunan_DELIM-VAOSVPDWIMMTQIONVWFR_127_DELIM-VAOSVPDWIMMTQIONVWFR_2005                       9.15%    passed     99.88%
  92  A_DELIM-VAOSVPDWIMMTQIONVWFR_pigeon_DELIM-VAOSVPDWIMMTQIONVWFR_Zhejiang_DELIM-VAOSVPDWIMMTQIONVWFR_17_DELIM-VAOSVPDWIMMTQIONVWFR_2005                   9.15%    passed     99.91%
  93  A_DELIM-VAOSVPDWIMMTQIONVWFR_duck_DELIM-VAOSVPDWIMMTQIONVWFR_Hunan_DELIM-VAOSVPDWIMMTQIONVWFR_70_DELIM-VAOSVPDWIMMTQIONVWFR_2004                        9.15%    passed     99.93%
  94  A_DELIM-VAOSVPDWIMMTQIONVWFR_chicken_DELIM-VAOSVPDWIMMTQIONVWFR_Guiyang_DELIM-VAOSVPDWIMMTQIONVWFR_3055_DELIM-VAOSVPDWIMMTQIONVWFR_2005                 9.15%    passed     96.08%
  95  A_DELIM-VAOSVPDWIMMTQIONVWFR_duck_DELIM-VAOSVPDWIMMTQIONVWFR_Guiyang_DELIM-VAOSVPDWIMMTQIONVWFR_3242_DELIM-VAOSVPDWIMMTQIONVWFR_2005                    9.15%    passed     97.04%
  96  A_DELIM-VAOSVPDWIMMTQIONVWFR_duck_DELIM-VAOSVPDWIMMTQIONVWFR_Guangdong_DELIM-VAOSVPDWIMMTQIONVWFR_23_DELIM-VAOSVPDWIMMTQIONVWFR_2004                    8.98%    passed     95.02%
  97  A_DELIM-VAOSVPDWIMMTQIONVWFR_chicken_DELIM-VAOSVPDWIMMTQIONVWFR_Tibet_DELIM-VAOSVPDWIMMTQIONVWFR_6_DELIM-VAOSVPDWIMMTQIONVWFR_2008                      8.98%    passed     98.16%
  98  A_DELIM-VAOSVPDWIMMTQIONVWFR_peregrine_falcon_DELIM-VAOSVPDWIMMTQIONVWFR_Hong_Kong_DELIM-VAOSVPDWIMMTQIONVWFR_810_DELIM-VAOSVPDWIMMTQIONVWFR_2009       9.15%    passed     97.27%
  99  A_DELIM-VAOSVPDWIMMTQIONVWFR_peregrine_falcon_DELIM-VAOSVPDWIMMTQIONVWFR_Hong_Kong_DELIM-VAOSVPDWIMMTQIONVWFR_2142_DELIM-VAOSVPDWIMMTQIONVWFR_2008      9.15%    passed     99.69%
 100  A_DELIM-VAOSVPDWIMMTQIONVWFR_Chicken_DELIM-VAOSVPDWIMMTQIONVWFR_Yunnan_DELIM-VAOSVPDWIMMTQIONVWFR_447_DELIM-VAOSVPDWIMMTQIONVWFR_05                     9.15%    passed     97.42%
 101  A_DELIM-VAOSVPDWIMMTQIONVWFR_duck_DELIM-VAOSVPDWIMMTQIONVWFR_Guangxi_DELIM-VAOSVPDWIMMTQIONVWFR_13_DELIM-VAOSVPDWIMMTQIONVWFR_2004                      9.15%    passed     99.49%
 102  A_DELIM-VAOSVPDWIMMTQIONVWFR_goose_DELIM-VAOSVPDWIMMTQIONVWFR_Guiyang_DELIM-VAOSVPDWIMMTQIONVWFR_337_DELIM-VAOSVPDWIMMTQIONVWFR_2006                    8.98%    passed     93.00%
 103  A_DELIM-VAOSVPDWIMMTQIONVWFR_goose_DELIM-VAOSVPDWIMMTQIONVWFR_Guiyang_DELIM-VAOSVPDWIMMTQIONVWFR_1175_DELIM-VAOSVPDWIMMTQIONVWFR_2006                   8.98%    passed     96.08%
 104  A_DELIM-VAOSVPDWIMMTQIONVWFR_chicken_DELIM-VAOSVPDWIMMTQIONVWFR_Hebei_DELIM-VAOSVPDWIMMTQIONVWFR_326_DELIM-VAOSVPDWIMMTQIONVWFR_2005                    8.98%    passed     94.38%
 105  A_DELIM-VAOSVPDWIMMTQIONVWFR_chicken_DELIM-VAOSVPDWIMMTQIONVWFR_Shanxi_DELIM-VAOSVPDWIMMTQIONVWFR_2_DELIM-VAOSVPDWIMMTQIONVWFR_2006                     9.15%    passed     97.97%
 106  A_DELIM-VAOSVPDWIMMTQIONVWFR_chicken_DELIM-VAOSVPDWIMMTQIONVWFR_Henan_DELIM-VAOSVPDWIMMTQIONVWFR_A-7_DELIM-VAOSVPDWIMMTQIONVWFR_2006                    8.98%    passed     98.44%
 107  A_DELIM-VAOSVPDWIMMTQIONVWFR_chicken_DELIM-VAOSVPDWIMMTQIONVWFR_Liaoning_DELIM-VAOSVPDWIMMTQIONVWFR_A-1_DELIM-VAOSVPDWIMMTQIONVWFR_2007                 8.98%    passed     99.70%
 108  A_DELIM-VAOSVPDWIMMTQIONVWFR_chicken_DELIM-VAOSVPDWIMMTQIONVWFR_Shandong_DELIM-VAOSVPDWIMMTQIONVWFR_A-10_DELIM-VAOSVPDWIMMTQIONVWFR_2006                8.98%    passed     94.99%
 109  A_DELIM-VAOSVPDWIMMTQIONVWFR_Beijing_DELIM-VAOSVPDWIMMTQIONVWFR_01_DELIM-VAOSVPDWIMMTQIONVWFR_2003                                                      8.98%    passed     95.41%
 110  A_DELIM-VAOSVPDWIMMTQIONVWFR_chicken_DELIM-VAOSVPDWIMMTQIONVWFR_Xinjiang_DELIM-VAOSVPDWIMMTQIONVWFR_28_DELIM-VAOSVPDWIMMTQIONVWFR_2006                  8.98%    passed     99.82%
 111  A_DELIM-VAOSVPDWIMMTQIONVWFR_chicken_DELIM-VAOSVPDWIMMTQIONVWFR_Vietnam_DELIM-VAOSVPDWIMMTQIONVWFR_NCVD-016_DELIM-VAOSVPDWIMMTQIONVWFR_2008             8.98%    passed     97.74%
 112  A_DELIM-VAOSVPDWIMMTQIONVWFR_chicken_DELIM-VAOSVPDWIMMTQIONVWFR_Shanxi_DELIM-VAOSVPDWIMMTQIONVWFR_10_DELIM-VAOSVPDWIMMTQIONVWFR_2006                    8.98%    passed     99.64%
 113  A_DELIM-VAOSVPDWIMMTQIONVWFR_chicken_DELIM-VAOSVPDWIMMTQIONVWFR_Vietnam_DELIM-VAOSVPDWIMMTQIONVWFR_NCVD-03_DELIM-VAOSVPDWIMMTQIONVWFR_2008              9.15%    passed     99.49%
 114  A_DELIM-VAOSVPDWIMMTQIONVWFR_chicken_DELIM-VAOSVPDWIMMTQIONVWFR_Denpasar_DELIM-VAOSVPDWIMMTQIONVWFR_BBVD-182_DELIM-VAOSVPDWIMMTQIONVWFR_2007            9.15%    passed     99.98%
 115  A_DELIM-VAOSVPDWIMMTQIONVWFR_chicken_DELIM-VAOSVPDWIMMTQIONVWFR_Badung_DELIM-VAOSVPDWIMMTQIONVWFR_BBVD-302_DELIM-VAOSVPDWIMMTQIONVWFR_2007              8.98%    passed     98.46%
 116  A_DELIM-VAOSVPDWIMMTQIONVWFR_duck_DELIM-VAOSVPDWIMMTQIONVWFR_Egypt_DELIM-VAOSVPDWIMMTQIONVWFR_13149S_DELIM-VAOSVPDWIMMTQIONVWFR_2013                    9.15%    passed     99.31%
 117  A_DELIM-VAOSVPDWIMMTQIONVWFR_Egypt_DELIM-VAOSVPDWIMMTQIONVWFR_N00951_DELIM-VAOSVPDWIMMTQIONVWFR_2012                                                    9.15%    passed     99.99%
 118  A_DELIM-VAOSVPDWIMMTQIONVWFR_egret_DELIM-VAOSVPDWIMMTQIONVWFR_Egypt_DELIM-VAOSVPDWIMMTQIONVWFR_1162-NAMRU3_DELIM-VAOSVPDWIMMTQIONVWFR_2006              8.98%    passed     99.99%
 119  A_DELIM-VAOSVPDWIMMTQIONVWFR_turkey_DELIM-VAOSVPDWIMMTQIONVWFR_Turkey_DELIM-VAOSVPDWIMMTQIONVWFR_1_DELIM-VAOSVPDWIMMTQIONVWFR_2005                      8.98%    passed     99.26%
 120  A_DELIM-VAOSVPDWIMMTQIONVWFR_chicken_DELIM-VAOSVPDWIMMTQIONVWFR_Omsk_DELIM-VAOSVPDWIMMTQIONVWFR_14_DELIM-VAOSVPDWIMMTQIONVWFR_05                        8.98%    passed     99.81%
 121  A_DELIM-VAOSVPDWIMMTQIONVWFR_chicken_DELIM-VAOSVPDWIMMTQIONVWFR_India_DELIM-VAOSVPDWIMMTQIONVWFR_NIV33487_DELIM-VAOSVPDWIMMTQIONVWFR_06                 8.98%    passed     97.59%
 122  A_DELIM-VAOSVPDWIMMTQIONVWFR_Turkey_DELIM-VAOSVPDWIMMTQIONVWFR_15_DELIM-VAOSVPDWIMMTQIONVWFR_2006                                                       8.98%    passed     99.72%
 123  A_DELIM-VAOSVPDWIMMTQIONVWFR_Egypt_DELIM-VAOSVPDWIMMTQIONVWFR_N09539_DELIM-VAOSVPDWIMMTQIONVWFR_2009                                                    9.15%    passed     99.28%
 124  A_DELIM-VAOSVPDWIMMTQIONVWFR_Egypt_DELIM-VAOSVPDWIMMTQIONVWFR_1394-NAMRU3_DELIM-VAOSVPDWIMMTQIONVWFR_2007                                               9.26%    passed     99.92%
 125  A_DELIM-VAOSVPDWIMMTQIONVWFR_Egypt_DELIM-VAOSVPDWIMMTQIONVWFR_2629-NAMRU3_DELIM-VAOSVPDWIMMTQIONVWFR_2007                                               9.15%    passed     99.94%
 126  A_DELIM-VAOSVPDWIMMTQIONVWFR_Egypt_DELIM-VAOSVPDWIMMTQIONVWFR_N01982_DELIM-VAOSVPDWIMMTQIONVWFR_2010                                                    9.20%    passed     99.99%
 127  A_DELIM-VAOSVPDWIMMTQIONVWFR_Egypt_DELIM-VAOSVPDWIMMTQIONVWFR_N03072_DELIM-VAOSVPDWIMMTQIONVWFR_2010                                                    9.20%    passed     99.82%
 128  A_DELIM-VAOSVPDWIMMTQIONVWFR_chicken_DELIM-VAOSVPDWIMMTQIONVWFR_Egypt_DELIM-VAOSVPDWIMMTQIONVWFR_1036_DELIM-VAOSVPDWIMMTQIONVWFR_2010                   9.15%    passed     99.99%
 129  A_DELIM-VAOSVPDWIMMTQIONVWFR_Egypt_DELIM-VAOSVPDWIMMTQIONVWFR_2546-NAMRU3_DELIM-VAOSVPDWIMMTQIONVWFR_2008                                               9.15%    passed     99.63%
 130  A_DELIM-VAOSVPDWIMMTQIONVWFR_bar-headed_goose_DELIM-VAOSVPDWIMMTQIONVWFR_Tibet_DELIM-VAOSVPDWIMMTQIONVWFR_8_DELIM-VAOSVPDWIMMTQIONVWFR_2006             8.98%    passed     99.40%
 131  A_DELIM-VAOSVPDWIMMTQIONVWFR_Egypt_DELIM-VAOSVPDWIMMTQIONVWFR_10215-NAMRU3_DELIM-VAOSVPDWIMMTQIONVWFR_2007                                              8.98%    passed     99.55%
 132  A_DELIM-VAOSVPDWIMMTQIONVWFR_bar_headed_goose_DELIM-VAOSVPDWIMMTQIONVWFR_Qinghai_DELIM-VAOSVPDWIMMTQIONVWFR_1A_DELIM-VAOSVPDWIMMTQIONVWFR_2005          9.66%    passed     98.56%
 133  A_DELIM-VAOSVPDWIMMTQIONVWFR_Nigeria_DELIM-VAOSVPDWIMMTQIONVWFR_6e_DELIM-VAOSVPDWIMMTQIONVWFR_07                                                        8.98%    passed     99.89%
 134  A_DELIM-VAOSVPDWIMMTQIONVWFR_bar-headed_goose_DELIM-VAOSVPDWIMMTQIONVWFR_Qinghai_DELIM-VAOSVPDWIMMTQIONVWFR_3_DELIM-VAOSVPDWIMMTQIONVWFR_2005           8.98%    passed     98.78%
 135  A_DELIM-VAOSVPDWIMMTQIONVWFR_Bangladesh_DELIM-VAOSVPDWIMMTQIONVWFR_207095_DELIM-VAOSVPDWIMMTQIONVWFR_2008                                               9.03%    passed     98.31%
 136  A_DELIM-VAOSVPDWIMMTQIONVWFR_chicken_DELIM-VAOSVPDWIMMTQIONVWFR_Bangladesh_DELIM-VAOSVPDWIMMTQIONVWFR_490_DELIM-VAOSVPDWIMMTQIONVWFR_2007               8.98%    passed     98.99%
 137  A_DELIM-VAOSVPDWIMMTQIONVWFR_chicken_DELIM-VAOSVPDWIMMTQIONVWFR_Bangladesh_DELIM-VAOSVPDWIMMTQIONVWFR_394_DELIM-VAOSVPDWIMMTQIONVWFR_2007               8.98%    passed     96.78%
 138  A_DELIM-VAOSVPDWIMMTQIONVWFR_chicken_DELIM-VAOSVPDWIMMTQIONVWFR_West_Bengal_DELIM-VAOSVPDWIMMTQIONVWFR_80995_DELIM-VAOSVPDWIMMTQIONVWFR_2008            8.98%    passed     98.43%
 139  A_DELIM-VAOSVPDWIMMTQIONVWFR_chicken_DELIM-VAOSVPDWIMMTQIONVWFR_West_Bengal_DELIM-VAOSVPDWIMMTQIONVWFR_155505_DELIM-VAOSVPDWIMMTQIONVWFR_2009           8.98%    passed     99.80%
 140  A_DELIM-VAOSVPDWIMMTQIONVWFR_chicken_DELIM-VAOSVPDWIMMTQIONVWFR_West_Bengal_DELIM-VAOSVPDWIMMTQIONVWFR_100879_DELIM-VAOSVPDWIMMTQIONVWFR_2008           8.98%    passed     97.25%
 141  A_DELIM-VAOSVPDWIMMTQIONVWFR_chicken_DELIM-VAOSVPDWIMMTQIONVWFR_India_DELIM-VAOSVPDWIMMTQIONVWFR_241272_DELIM-VAOSVPDWIMMTQIONVWFR_2010                 8.98%    passed     99.34%
 142  A_DELIM-VAOSVPDWIMMTQIONVWFR_chicken_DELIM-VAOSVPDWIMMTQIONVWFR_Bhutan_DELIM-VAOSVPDWIMMTQIONVWFR_248009_DELIM-VAOSVPDWIMMTQIONVWFR_2010                8.98%    passed     97.02%
 143  A_DELIM-VAOSVPDWIMMTQIONVWFR_Bangladesh_DELIM-VAOSVPDWIMMTQIONVWFR_3233_DELIM-VAOSVPDWIMMTQIONVWFR_2011                                                 8.98%    passed     96.22%
 144  A_DELIM-VAOSVPDWIMMTQIONVWFR_chicken_DELIM-VAOSVPDWIMMTQIONVWFR_Bangladesh_DELIM-VAOSVPDWIMMTQIONVWFR_11rs1984-27_DELIM-VAOSVPDWIMMTQIONVWFR_2011       8.98%    passed     95.94%
 145  A_DELIM-VAOSVPDWIMMTQIONVWFR_chicken_DELIM-VAOSVPDWIMMTQIONVWFR_India_DELIM-VAOSVPDWIMMTQIONVWFR_WB-NIV96526_DELIM-VAOSVPDWIMMTQIONVWFR_2009            8.98%    passed     87.84%
 146  A_DELIM-VAOSVPDWIMMTQIONVWFR_chicken_DELIM-VAOSVPDWIMMTQIONVWFR_Egypt_DELIM-VAOSVPDWIMMTQIONVWFR_1063_DELIM-VAOSVPDWIMMTQIONVWFR_2010                   9.03%    passed     97.81%
 147  A_DELIM-VAOSVPDWIMMTQIONVWFR_duck_DELIM-VAOSVPDWIMMTQIONVWFR_Egypt_DELIM-VAOSVPDWIMMTQIONVWFR_0955-NLQP_DELIM-VAOSVPDWIMMTQIONVWFR_2009                 8.98%    passed     98.76%
 148  A_DELIM-VAOSVPDWIMMTQIONVWFR_chicken_DELIM-VAOSVPDWIMMTQIONVWFR_Israel_DELIM-VAOSVPDWIMMTQIONVWFR_65_DELIM-VAOSVPDWIMMTQIONVWFR_2010                    8.98%    passed     97.84%
 149  A_DELIM-VAOSVPDWIMMTQIONVWFR_chicken_DELIM-VAOSVPDWIMMTQIONVWFR_Egypt_DELIM-VAOSVPDWIMMTQIONVWFR_9403NAMRU3-CLEVB214_DELIM-VAOSVPDWIMMTQIONVWFR_2007    8.98%    passed     99.62%
 150  A_DELIM-VAOSVPDWIMMTQIONVWFR_chicken_DELIM-VAOSVPDWIMMTQIONVWFR_Egypt_DELIM-VAOSVPDWIMMTQIONVWFR_490N3-CLEVB_DELIM-VAOSVPDWIMMTQIONVWFR_2008            9.03%    passed     99.38%
 151  A_DELIM-VAOSVPDWIMMTQIONVWFR_Egypt_DELIM-VAOSVPDWIMMTQIONVWFR_3300-NAMRU3_DELIM-VAOSVPDWIMMTQIONVWFR_2008                                               9.09%    passed     97.91%
 152  A_DELIM-VAOSVPDWIMMTQIONVWFR_chicken_DELIM-VAOSVPDWIMMTQIONVWFR_Menofia_DELIM-VAOSVPDWIMMTQIONVWFR_CAI35_DELIM-VAOSVPDWIMMTQIONVWFR_2010                8.98%    passed     94.89%
 153  A_DELIM-VAOSVPDWIMMTQIONVWFR_turkey_DELIM-VAOSVPDWIMMTQIONVWFR_Israel_DELIM-VAOSVPDWIMMTQIONVWFR_362_DELIM-VAOSVPDWIMMTQIONVWFR_2011                    8.98%    passed     92.16%
 154  A_DELIM-VAOSVPDWIMMTQIONVWFR_chicken_DELIM-VAOSVPDWIMMTQIONVWFR_Egypt_DELIM-VAOSVPDWIMMTQIONVWFR_116AD_DELIM-VAOSVPDWIMMTQIONVWFR_2011                  8.98%    passed     97.16%
 155  A_DELIM-VAOSVPDWIMMTQIONVWFR_chicken_DELIM-VAOSVPDWIMMTQIONVWFR_Egypt_DELIM-VAOSVPDWIMMTQIONVWFR_38-2_DELIM-VAOSVPDWIMMTQIONVWFR_2008                   8.98%    passed     87.64%
 156  A_DELIM-VAOSVPDWIMMTQIONVWFR_chicken_DELIM-VAOSVPDWIMMTQIONVWFR_Egypt_DELIM-VAOSVPDWIMMTQIONVWFR_1031_DELIM-VAOSVPDWIMMTQIONVWFR_2010                   8.98%    passed     94.70%
 157  A_DELIM-VAOSVPDWIMMTQIONVWFR_turkey_DELIM-VAOSVPDWIMMTQIONVWFR_Egypt_DELIM-VAOSVPDWIMMTQIONVWFR_137_DELIM-VAOSVPDWIMMTQIONVWFR_2013                     9.15%    passed     97.98%
 158  A_DELIM-VAOSVPDWIMMTQIONVWFR_duck_DELIM-VAOSVPDWIMMTQIONVWFR_Guangxi_DELIM-VAOSVPDWIMMTQIONVWFR_668_DELIM-VAOSVPDWIMMTQIONVWFR_2004                     8.98%    passed     89.37%
 159  A_DELIM-VAOSVPDWIMMTQIONVWFR_goose_DELIM-VAOSVPDWIMMTQIONVWFR_Guangxi_DELIM-VAOSVPDWIMMTQIONVWFR_1097_DELIM-VAOSVPDWIMMTQIONVWFR_2004                   8.98%    passed     94.59%
 160  A_DELIM-VAOSVPDWIMMTQIONVWFR_goose_DELIM-VAOSVPDWIMMTQIONVWFR_Guangxi_DELIM-VAOSVPDWIMMTQIONVWFR_914_DELIM-VAOSVPDWIMMTQIONVWFR_2004                    8.98%    passed     96.31%
 161  A_DELIM-VAOSVPDWIMMTQIONVWFR_chicken_DELIM-VAOSVPDWIMMTQIONVWFR_Agam_DELIM-VAOSVPDWIMMTQIONVWFR_BPPVRII-682_DELIM-VAOSVPDWIMMTQIONVWFR_2009             8.98%    passed     99.66%
 162  A_DELIM-VAOSVPDWIMMTQIONVWFR_Indonesia_DELIM-VAOSVPDWIMMTQIONVWFR_NIHRD12377_DELIM-VAOSVPDWIMMTQIONVWFR_2012                                            8.98%    passed     89.28%
 163  A_DELIM-VAOSVPDWIMMTQIONVWFR_tree_sparrow_DELIM-VAOSVPDWIMMTQIONVWFR_Indonesia_DELIM-VAOSVPDWIMMTQIONVWFR_D10013_DELIM-VAOSVPDWIMMTQIONVWFR_2010        8.98%    passed     86.95%
 164  A_DELIM-VAOSVPDWIMMTQIONVWFR_chicken_DELIM-VAOSVPDWIMMTQIONVWFR_Indonesia_DELIM-VAOSVPDWIMMTQIONVWFR_D10014_DELIM-VAOSVPDWIMMTQIONVWFR_2010             8.98%    passed     90.13%
 165  A_DELIM-VAOSVPDWIMMTQIONVWFR_chicken_DELIM-VAOSVPDWIMMTQIONVWFR_Banten_DELIM-VAOSVPDWIMMTQIONVWFR_Srg-Fadh_DELIM-VAOSVPDWIMMTQIONVWFR_2008              8.98%    passed     91.62%
 166  A_DELIM-VAOSVPDWIMMTQIONVWFR_chicken_DELIM-VAOSVPDWIMMTQIONVWFR_Indonesia_DELIM-VAOSVPDWIMMTQIONVWFR_D10015_DELIM-VAOSVPDWIMMTQIONVWFR_2010             8.98%    passed     86.19%
 167  A_DELIM-VAOSVPDWIMMTQIONVWFR_chicken_DELIM-VAOSVPDWIMMTQIONVWFR_EastKalimantan_DELIM-VAOSVPDWIMMTQIONVWFR_UT581_DELIM-VAOSVPDWIMMTQIONVWFR_2010         8.98%    passed     93.97%
 168  A_DELIM-VAOSVPDWIMMTQIONVWFR_Hong_Kong_DELIM-VAOSVPDWIMMTQIONVWFR_6841_DELIM-VAOSVPDWIMMTQIONVWFR_2010                                                  9.15%    passed     97.34%
 169  A_DELIM-VAOSVPDWIMMTQIONVWFR_whooper_swan_DELIM-VAOSVPDWIMMTQIONVWFR_Hokkaido_DELIM-VAOSVPDWIMMTQIONVWFR_4_DELIM-VAOSVPDWIMMTQIONVWFR_2011              9.15%    passed     99.36%
 170  A_DELIM-VAOSVPDWIMMTQIONVWFR_great_crested-grebe_DELIM-VAOSVPDWIMMTQIONVWFR_Qinghai_DELIM-VAOSVPDWIMMTQIONVWFR_1_DELIM-VAOSVPDWIMMTQIONVWFR_2009        9.15%    passed     99.20%
 171  A_DELIM-VAOSVPDWIMMTQIONVWFR_bar-headed_goose_DELIM-VAOSVPDWIMMTQIONVWFR_Mongolia_DELIM-VAOSVPDWIMMTQIONVWFR_X53_DELIM-VAOSVPDWIMMTQIONVWFR_2009        9.15%    passed     99.46%
 172  A_DELIM-VAOSVPDWIMMTQIONVWFR_chicken_DELIM-VAOSVPDWIMMTQIONVWFR_Nepal_DELIM-VAOSVPDWIMMTQIONVWFR_105_DELIM-VAOSVPDWIMMTQIONVWFR_2010                    9.15%    passed     99.72%
 173  A_DELIM-VAOSVPDWIMMTQIONVWFR_chicken_DELIM-VAOSVPDWIMMTQIONVWFR_Miyazaki_DELIM-VAOSVPDWIMMTQIONVWFR_11_DELIM-VAOSVPDWIMMTQIONVWFR_2011                  9.15%    passed     98.97%
 174  A_DELIM-VAOSVPDWIMMTQIONVWFR_chicken_DELIM-VAOSVPDWIMMTQIONVWFR_Korea_DELIM-VAOSVPDWIMMTQIONVWFR_IC546_DELIM-VAOSVPDWIMMTQIONVWFR_2011                  9.15%    passed     98.60%
 175  A_DELIM-VAOSVPDWIMMTQIONVWFR_duck_DELIM-VAOSVPDWIMMTQIONVWFR_Vietnam_DELIM-VAOSVPDWIMMTQIONVWFR_NCVD-1171_DELIM-VAOSVPDWIMMTQIONVWFR_2012               9.15%    passed     97.17%
 176  A_DELIM-VAOSVPDWIMMTQIONVWFR_duck_DELIM-VAOSVPDWIMMTQIONVWFR_Vietnam_DELIM-VAOSVPDWIMMTQIONVWFR_NCVD-1206_DELIM-VAOSVPDWIMMTQIONVWFR_2012               9.15%    passed     99.30%
 177  A_DELIM-VAOSVPDWIMMTQIONVWFR_duck_DELIM-VAOSVPDWIMMTQIONVWFR_Vietnam_DELIM-VAOSVPDWIMMTQIONVWFR_NCVD-1210_DELIM-VAOSVPDWIMMTQIONVWFR_2012               9.15%    passed     98.97%
 178  A_DELIM-VAOSVPDWIMMTQIONVWFR_chicken_DELIM-VAOSVPDWIMMTQIONVWFR_Vietnam_DELIM-VAOSVPDWIMMTQIONVWFR_NCVD-700_DELIM-VAOSVPDWIMMTQIONVWFR_2011             9.15%    passed     98.24%
 179  A_DELIM-VAOSVPDWIMMTQIONVWFR_environment_DELIM-VAOSVPDWIMMTQIONVWFR_Hunan_DELIM-VAOSVPDWIMMTQIONVWFR_3_DELIM-VAOSVPDWIMMTQIONVWFR_2011                  9.15%    passed     95.72%
 180  A_DELIM-VAOSVPDWIMMTQIONVWFR_Hubei_DELIM-VAOSVPDWIMMTQIONVWFR_1_DELIM-VAOSVPDWIMMTQIONVWFR_2010                                                         9.15%    passed     99.65%
 181  A_DELIM-VAOSVPDWIMMTQIONVWFR_environment_DELIM-VAOSVPDWIMMTQIONVWFR_Chang_Sha_DELIM-VAOSVPDWIMMTQIONVWFR_25_DELIM-VAOSVPDWIMMTQIONVWFR_2009             9.15%    passed     99.78%
 182  A_DELIM-VAOSVPDWIMMTQIONVWFR_crow_DELIM-VAOSVPDWIMMTQIONVWFR_Bangladesh_DELIM-VAOSVPDWIMMTQIONVWFR_1061_DELIM-VAOSVPDWIMMTQIONVWFR_2011                 9.15%    passed     99.49%
 183  A_DELIM-VAOSVPDWIMMTQIONVWFR_chicken_DELIM-VAOSVPDWIMMTQIONVWFR_Bangladesh_DELIM-VAOSVPDWIMMTQIONVWFR_42010_DELIM-VAOSVPDWIMMTQIONVWFR_2012             9.15%    passed     97.21%
 184  A_DELIM-VAOSVPDWIMMTQIONVWFR_waterfowl_DELIM-VAOSVPDWIMMTQIONVWFR_Bangladesh_DELIM-VAOSVPDWIMMTQIONVWFR_31935_DELIM-VAOSVPDWIMMTQIONVWFR_2011           9.15%    passed     98.49%
 185  A_DELIM-VAOSVPDWIMMTQIONVWFR_duck_DELIM-VAOSVPDWIMMTQIONVWFR_Bangladesh_DELIM-VAOSVPDWIMMTQIONVWFR_32077_DELIM-VAOSVPDWIMMTQIONVWFR_2012                9.15%    passed     99.08%
 186  A_DELIM-VAOSVPDWIMMTQIONVWFR_environment_DELIM-VAOSVPDWIMMTQIONVWFR_Bangladesh_DELIM-VAOSVPDWIMMTQIONVWFR_1019-G_DELIM-VAOSVPDWIMMTQIONVWFR_2012        9.15%    passed     96.09%
 187  A_DELIM-VAOSVPDWIMMTQIONVWFR_whooper_swan_DELIM-VAOSVPDWIMMTQIONVWFR_Hokkaido_DELIM-VAOSVPDWIMMTQIONVWFR_2_DELIM-VAOSVPDWIMMTQIONVWFR_2008              9.15%    passed     98.61%
 188  A_DELIM-VAOSVPDWIMMTQIONVWFR_chicken_DELIM-VAOSVPDWIMMTQIONVWFR_Korea_DELIM-VAOSVPDWIMMTQIONVWFR_Gimje_DELIM-VAOSVPDWIMMTQIONVWFR_2008                  9.15%    passed     95.46%
 189  A_DELIM-VAOSVPDWIMMTQIONVWFR_duck_DELIM-VAOSVPDWIMMTQIONVWFR_Hunan_DELIM-VAOSVPDWIMMTQIONVWFR_8_DELIM-VAOSVPDWIMMTQIONVWFR_2008                         9.15%    passed     99.23%
 190  A_DELIM-VAOSVPDWIMMTQIONVWFR_duck_DELIM-VAOSVPDWIMMTQIONVWFR_Vietnam_DELIM-VAOSVPDWIMMTQIONVWFR_NCVD-1584_DELIM-VAOSVPDWIMMTQIONVWFR_2012               9.15%    passed     99.69%
 191  A_DELIM-VAOSVPDWIMMTQIONVWFR_duck_DELIM-VAOSVPDWIMMTQIONVWFR_Vietnam_DELIM-VAOSVPDWIMMTQIONVWFR_NCVD-1544_DELIM-VAOSVPDWIMMTQIONVWFR_2012               9.15%    passed     99.74%
 192  A_DELIM-VAOSVPDWIMMTQIONVWFR_barn_swallow_DELIM-VAOSVPDWIMMTQIONVWFR_Hong_Kong_DELIM-VAOSVPDWIMMTQIONVWFR_1161_DELIM-VAOSVPDWIMMTQIONVWFR_2010          8.98%    passed     93.58%
 193  A_DELIM-VAOSVPDWIMMTQIONVWFR_duck_DELIM-VAOSVPDWIMMTQIONVWFR_Vietnam_DELIM-VAOSVPDWIMMTQIONVWFR_NCVD-672_DELIM-VAOSVPDWIMMTQIONVWFR_2011                8.98%    passed     88.33%
 194  A_DELIM-VAOSVPDWIMMTQIONVWFR_duck_DELIM-VAOSVPDWIMMTQIONVWFR_Zhejiang_DELIM-VAOSVPDWIMMTQIONVWFR_224_DELIM-VAOSVPDWIMMTQIONVWFR_2011                    8.98%    passed     90.64%
 195  A_DELIM-VAOSVPDWIMMTQIONVWFR_duck_DELIM-VAOSVPDWIMMTQIONVWFR_Vietnam_DELIM-VAOSVPDWIMMTQIONVWFR_NCVD129-7_DELIM-VAOSVPDWIMMTQIONVWFR_2011               8.98%    passed     95.43%
 196  A_DELIM-VAOSVPDWIMMTQIONVWFR_duck_DELIM-VAOSVPDWIMMTQIONVWFR_Vietnam_DELIM-VAOSVPDWIMMTQIONVWFR_NCVD-1160_DELIM-VAOSVPDWIMMTQIONVWFR_2011               8.98%    passed     95.43%
 197  A_DELIM-VAOSVPDWIMMTQIONVWFR_feral_pigeon_DELIM-VAOSVPDWIMMTQIONVWFR_Hong_Kong_DELIM-VAOSVPDWIMMTQIONVWFR_3409_DELIM-VAOSVPDWIMMTQIONVWFR_2009          8.98%    passed     98.60%
 198  A_DELIM-VAOSVPDWIMMTQIONVWFR_Hong_Kong_DELIM-VAOSVPDWIMMTQIONVWFR_5923_DELIM-VAOSVPDWIMMTQIONVWFR_2012                                                  8.98%    passed     97.08%
 199  A_DELIM-VAOSVPDWIMMTQIONVWFR_chicken_DELIM-VAOSVPDWIMMTQIONVWFR_Vietnam_DELIM-VAOSVPDWIMMTQIONVWFR_NCVD-093_DELIM-VAOSVPDWIMMTQIONVWFR_2008             8.98%    passed     87.22%
 200  A_DELIM-VAOSVPDWIMMTQIONVWFR_chicken_DELIM-VAOSVPDWIMMTQIONVWFR_Jiangsu_DELIM-VAOSVPDWIMMTQIONVWFR_18_DELIM-VAOSVPDWIMMTQIONVWFR_2008                   8.98%    passed     86.56%
 201  A_DELIM-VAOSVPDWIMMTQIONVWFR_chicken_DELIM-VAOSVPDWIMMTQIONVWFR_Hebei_DELIM-VAOSVPDWIMMTQIONVWFR_A-8_DELIM-VAOSVPDWIMMTQIONVWFR_2009                    9.15%    passed     88.67%
 202  A_DELIM-VAOSVPDWIMMTQIONVWFR_wild_duck_DELIM-VAOSVPDWIMMTQIONVWFR_Shandong_DELIM-VAOSVPDWIMMTQIONVWFR_628_DELIM-VAOSVPDWIMMTQIONVWFR_2011               9.15%    passed     95.21%
 203  A_DELIM-VAOSVPDWIMMTQIONVWFR_breeder_duck_DELIM-VAOSVPDWIMMTQIONVWFR_Korea_DELIM-VAOSVPDWIMMTQIONVWFR_H158_DELIM-VAOSVPDWIMMTQIONVWFR_2014              9.15%    passed     95.21%
****  TOTAL                                                                                                                                                   9.05%  0 sequences failed composition chi2 test (p-value<5%; df=3)

Create initial parsimony tree by phylogenetic likelihood library (PLL)... 0.024 seconds

NOTE: 5 MB RAM (0 GB) is required!
Measuring multi-threading efficiency up to 1 CPU cores
Increase to 10 rounds for branch lengths
13 trees examined
Threads: 1 / Time: 1.068 sec / Speedup: 1.000 / Efficiency: 100% / LogL: -59483
BEST NUMBER OF THREADS: 1

Estimate model parameters (epsilon = 0.500)
1. Initial log-likelihood: -22556.716
2. Current log-likelihood: -20962.032
Optimal log-likelihood: -20961.624
Rate parameters:  A-C: 1.06704  A-G: 5.34499  A-T: 0.48700  C-G: 0.23218  C-T: 8.38325  G-T: 1.00000
Base frequencies:  A: 0.356  C: 0.186  G: 0.228  T: 0.230
Parameters optimization took 2 rounds (0.478 sec)
Computing ML distances based on estimated model parameters... 0.321 sec
Computing BIONJ tree...
0.015 seconds
Log-likelihood of BIONJ tree: -21011.246
--------------------------------------------------------------------
|             INITIALIZING CANDIDATE TREE SET                      |
--------------------------------------------------------------------

Do NNI search on 2 best initial trees
Estimate model parameters (epsilon = 0.500)
BETTER TREE FOUND at iteration 1: -20957.098
Estimate model parameters (epsilon = 0.500)
BETTER TREE FOUND at iteration 2: -20954.328
Finish initializing candidate tree set (4)
Current best tree score: -20954.328 / CPU time: 0.359
Number of iterations: 2
TREE SEARCH COMPLETED AFTER 2 ITERATIONS / Time: 0h:0m:2s

--------------------------------------------------------------------
|                    FINALIZING TREE SEARCH                        |
--------------------------------------------------------------------
Performs final model parameters optimization
Estimate model parameters (epsilon = 0.050)
1. Initial log-likelihood: -20954.328
Optimal log-likelihood: -20954.327
Rate parameters:  A-C: 1.06242  A-G: 5.34580  A-T: 0.48666  C-G: 0.23160  C-T: 8.38619  G-T: 1.00000
Base frequencies:  A: 0.356  C: 0.186  G: 0.228  T: 0.230
Parameters optimization took 1 rounds (0.055 sec)
BEST SCORE FOUND : -20954.327
Total tree length: 1.833

Total number of iterations: 2
CPU time used for tree search: 0.354 sec (0h:0m:0s)
Wall-clock time used for tree search: 0.362 sec (0h:0m:0s)
Total CPU time used: 2.337 sec (0h:0m:2s)
Total wall-clock time used: 2.401 sec (0h:0m:2s)

Analysis results written to: 
  IQ-TREE report:                results/aligned_FastaGuide_ha-delim.fasta.iqtree
  Maximum-likelihood tree:       results/aligned_FastaGuide_ha-delim.fasta.treefile
  Likelihood distances:          results/aligned_FastaGuide_ha-delim.fasta.mldist
  Screen log file:               results/aligned_FastaGuide_ha-delim.fasta.log

Date and Time: Mon Feb 27 11:47:07 2023
